Determining if the pthread_create exist failed with the following output:
Change Dir: /home/leo/temp/pcr_iii_final/build/CMakeFiles/CMakeTmp

Run Build Command:"/usr/bin/make" "cmTC_9141e/fast"
/usr/bin/make -f CMakeFiles/cmTC_9141e.dir/build.make CMakeFiles/cmTC_9141e.dir/build
make[1]: Entering directory `/home/leo/temp/pcr_iii_final/build/CMakeFiles/CMakeTmp'
Building C object CMakeFiles/cmTC_9141e.dir/CheckSymbolExists.c.o
/usr/bin/cc    -o CMakeFiles/cmTC_9141e.dir/CheckSymbolExists.c.o   -c /home/leo/temp/pcr_iii_final/build/CMakeFiles/CMakeTmp/CheckSymbolExists.c
Linking C executable cmTC_9141e
/usr/local/bin/cmake -E cmake_link_script CMakeFiles/cmTC_9141e.dir/link.txt --verbose=1
/usr/bin/cc    -L/usr/local/cuda-8.0/targets/x86_64-linux/lib  -rdynamic CMakeFiles/cmTC_9141e.dir/CheckSymbolExists.c.o  -o cmTC_9141e 
CMakeFiles/cmTC_9141e.dir/CheckSymbolExists.c.o: In function `main':
CheckSymbolExists.c:(.text+0x16): undefined reference to `pthread_create'
collect2: error: ld returned 1 exit status
make[1]: *** [cmTC_9141e] Error 1
make[1]: Leaving directory `/home/leo/temp/pcr_iii_final/build/CMakeFiles/CMakeTmp'
make: *** [cmTC_9141e/fast] Error 2

File /home/leo/temp/pcr_iii_final/build/CMakeFiles/CMakeTmp/CheckSymbolExists.c:
/* */
#include <pthread.h>

int main(int argc, char** argv)
{
  (void)argv;
#ifndef pthread_create
  return ((int*)(&pthread_create))[argc];
#else
  (void)argc;
  return 0;
#endif
}

Determining if the function pthread_create exists in the pthreads failed with the following output:
Change Dir: /home/leo/temp/pcr_iii_final/build/CMakeFiles/CMakeTmp

Run Build Command:"/usr/bin/make" "cmTC_6b317/fast"
/usr/bin/make -f CMakeFiles/cmTC_6b317.dir/build.make CMakeFiles/cmTC_6b317.dir/build
make[1]: Entering directory `/home/leo/temp/pcr_iii_final/build/CMakeFiles/CMakeTmp'
Building C object CMakeFiles/cmTC_6b317.dir/CheckFunctionExists.c.o
/usr/bin/cc   -DCHECK_FUNCTION_EXISTS=pthread_create   -o CMakeFiles/cmTC_6b317.dir/CheckFunctionExists.c.o   -c /usr/local/share/cmake-3.10/Modules/CheckFunctionExists.c
Linking C executable cmTC_6b317
/usr/local/bin/cmake -E cmake_link_script CMakeFiles/cmTC_6b317.dir/link.txt --verbose=1
/usr/bin/cc  -DCHECK_FUNCTION_EXISTS=pthread_create  -L/usr/local/cuda-8.0/targets/x86_64-linux/lib  -rdynamic CMakeFiles/cmTC_6b317.dir/CheckFunctionExists.c.o  -o cmTC_6b317 -lpthreads 
/usr/bin/ld: cannot find -lpthreads
collect2: error: ld returned 1 exit status
make[1]: *** [cmTC_6b317] Error 1
make[1]: Leaving directory `/home/leo/temp/pcr_iii_final/build/CMakeFiles/CMakeTmp'
make: *** [cmTC_6b317/fast] Error 2


